<?xml version="1.0" encoding="UTF-8"?>
<testsuite xmlns:xsi="http://www.w3.org/2001/XMLSchema-instance" xsi:noNamespaceSchemaLocation="https://maven.apache.org/surefire/maven-surefire-plugin/xsd/surefire-test-report-3.0.xsd" version="3.0" name="com.google.gson.functional.PrimitiveTest" time="0.03" tests="104" errors="0" skipped="0" failures="0">
  <properties>
[...]
</properties>
  <testcase name="testDeserializeJsonArrayAsBigDecimal" classname="com.google.gson.functional.PrimitiveTest" time="0"/>
  <testcase name="testDeserializingBigIntegerAsLong" classname="com.google.gson.functional.PrimitiveTest" time="0"/>
  <testcase name="testLongAsStringDeserialization" classname="com.google.gson.functional.PrimitiveTest" time="0"/>
  <testcase name="testBigDecimalPreservePrecisionSerialization" classname="com.google.gson.functional.PrimitiveTest" time="0"/>
  <testcase name="testSmallValueForBigDecimalDeserialization" classname="com.google.gson.functional.PrimitiveTest" time="0"/>
  <testcase name="testFloatNaNSerializationNotSupportedByDefault" classname="com.google.gson.functional.PrimitiveTest" time="0"/>
  <testcase name="testDeserializeJsonArrayAsLongWrapper" classname="com.google.gson.functional.PrimitiveTest" time="0"/>
  <testcase name="testDeserializeJsonArrayAsShortWrapper" classname="com.google.gson.functional.PrimitiveTest" time="0"/>
  <testcase name="testDeserializeJsonObjectAsDoubleWrapper" classname="com.google.gson.functional.PrimitiveTest" time="0"/>
  <testcase name="testDeserializingBigDecimalAsFloat" classname="com.google.gson.functional.PrimitiveTest" time="0"/>
  <testcase name="testNumberDeserialization" classname="com.google.gson.functional.PrimitiveTest" time="0"/>
  <testcase name="testMoreSpecificSerialization" classname="com.google.gson.functional.PrimitiveTest" time="0"/>
  <testcase name="testUnquotedStringDeserializationFails" classname="com.google.gson.functional.PrimitiveTest" time="0"/>
  <testcase name="testDeserializingBigIntegerAsBigDecimal" classname="com.google.gson.functional.PrimitiveTest" time="0"/>
  <testcase name="testQuotedStringSerializationAndDeserialization" classname="com.google.gson.functional.PrimitiveTest" time="0"/>
  <testcase name="testLazilyParsedNumberDeserialization" classname="com.google.gson.functional.PrimitiveTest" time="0"/>
  <testcase name="testDeserializingBigDecimalAsIntegerFails" classname="com.google.gson.functional.PrimitiveTest" time="0"/>
  <testcase name="testDeserializeJsonArrayAsBigInteger" classname="com.google.gson.functional.PrimitiveTest" time="0"/>
  <testcase name="testBigDecimalNaNDeserializationNotSupported" classname="com.google.gson.functional.PrimitiveTest" time="0"/>
  <testcase name="testDeserializingBigDecimalAsBigIntegerFails" classname="com.google.gson.functional.PrimitiveTest" time="0"/>
  <testcase name="testDeserializeJsonArrayAsFloatWrapper" classname="com.google.gson.functional.PrimitiveTest" time="0"/>
  <testcase name="testDeserializeJsonArrayAsInt" classname="com.google.gson.functional.PrimitiveTest" time="0.001"/>
  <testcase name="testReallyLongValuesDeserialization" classname="com.google.gson.functional.PrimitiveTest" time="0"/>
  <testcase name="testNegativeInfinityFloatSerializationNotSupportedByDefault" classname="com.google.gson.functional.PrimitiveTest" time="0"/>
  <testcase name="testBigDecimalInASingleElementArraySerialization" classname="com.google.gson.functional.PrimitiveTest" time="0"/>
  <testcase name="testNumberAsStringDeserialization" classname="com.google.gson.functional.PrimitiveTest" time="0"/>
  <testcase name="testDeserializeJsonObjectAsInteger" classname="com.google.gson.functional.PrimitiveTest" time="0"/>
  <testcase name="testDeserializingBigIntegerAsInteger" classname="com.google.gson.functional.PrimitiveTest" time="0"/>
  <testcase name="testSmallValueForBigIntegerDeserialization" classname="com.google.gson.functional.PrimitiveTest" time="0.001"/>
  <testcase name="testNegativeInfinityFloatDeserialization" classname="com.google.gson.functional.PrimitiveTest" time="0"/>
  <testcase name="testBadValueForBigIntegerDeserialization" classname="com.google.gson.functional.PrimitiveTest" time="0"/>
  <testcase name="testHtmlCharacterSerialization" classname="com.google.gson.functional.PrimitiveTest" time="0"/>
  <testcase name="testLargeDoubleDeserialization" classname="com.google.gson.functional.PrimitiveTest" time="0"/>
  <testcase name="testShortDeserializationLossy" classname="com.google.gson.functional.PrimitiveTest" time="0"/>
  <testcase name="testDoubleNaNSerializationNotSupportedByDefault" classname="com.google.gson.functional.PrimitiveTest" time="0"/>
  <testcase name="testShortDeserialization" classname="com.google.gson.functional.PrimitiveTest" time="0"/>
  <testcase name="testPrimitiveBooleanAutoboxedInASingleElementArraySerialization" classname="com.google.gson.functional.PrimitiveTest" time="0"/>
  <testcase name="testDeserializeJsonObjectAsFloatPrimitive" classname="com.google.gson.functional.PrimitiveTest" time="0"/>
  <testcase name="testValueVeryCloseToZeroIsZero" classname="com.google.gson.functional.PrimitiveTest" time="0.005"/>
  <testcase name="testPrimitiveBooleanAutoboxedSerialization" classname="com.google.gson.functional.PrimitiveTest" time="0"/>
  <testcase name="testBigDecimalDeserialization" classname="com.google.gson.functional.PrimitiveTest" time="0"/>
  <testcase name="testPrimitiveLongAutoboxedDeserialization" classname="com.google.gson.functional.PrimitiveTest" time="0"/>
  <testcase name="testDoubleInfinitySerializationNotSupportedByDefault" classname="com.google.gson.functional.PrimitiveTest" time="0"/>
  <testcase name="testByteDeserializationLossy" classname="com.google.gson.functional.PrimitiveTest" time="0"/>
  <testcase name="testNegativeInfinityDeserialization" classname="com.google.gson.functional.PrimitiveTest" time="0"/>
  <testcase name="testSmallValueForBigIntegerSerialization" classname="com.google.gson.functional.PrimitiveTest" time="0"/>
  <testcase name="testNegativeInfinitySerializationNotSupportedByDefault" classname="com.google.gson.functional.PrimitiveTest" time="0"/>
  <testcase name="testBigDecimalNegativeInfinityDeserializationNotSupported" classname="com.google.gson.functional.PrimitiveTest" time="0"/>
  <testcase name="testDeserializeJsonArrayAsDoublePrimitive" classname="com.google.gson.functional.PrimitiveTest" time="0"/>
  <testcase name="testSmallValueForBigDecimalSerialization" classname="com.google.gson.functional.PrimitiveTest" time="0"/>
  <testcase name="testNumberSerialization" classname="com.google.gson.functional.PrimitiveTest" time="0"/>
  <testcase name="testBigDecimalAsStringRepresentationDeserialization" classname="com.google.gson.functional.PrimitiveTest" time="0"/>
  <testcase name="testDeserializeJsonArrayAsByteWrapper" classname="com.google.gson.functional.PrimitiveTest" time="0"/>
  <testcase name="testBigDecimalInfinityDeserializationNotSupported" classname="com.google.gson.functional.PrimitiveTest" time="0"/>
  <testcase name="testFloatNaNSerialization" classname="com.google.gson.functional.PrimitiveTest" time="0"/>
  <testcase name="testDeserializeJsonObjectAsBooleanPrimitive" classname="com.google.gson.functional.PrimitiveTest" time="0"/>
  <testcase name="testByteDeserialization" classname="com.google.gson.functional.PrimitiveTest" time="0"/>
  <testcase name="testPrimitiveIntegerAutoboxedDeserialization" classname="com.google.gson.functional.PrimitiveTest" time="0"/>
  <testcase name="testDeserializeJsonArrayAsBooleanWrapper" classname="com.google.gson.functional.PrimitiveTest" time="0"/>
  <testcase name="testDoubleNoFractAsStringRepresentationDeserialization" classname="com.google.gson.functional.PrimitiveTest" time="0.002"/>
  <testcase name="testDeserializingBigDecimalAsDouble" classname="com.google.gson.functional.PrimitiveTest" time="0"/>
  <testcase name="testBigIntegerDeserialization" classname="com.google.gson.functional.PrimitiveTest" time="0"/>
  <testcase name="testBigDecimalNoFractAsStringRepresentationDeserialization" classname="com.google.gson.functional.PrimitiveTest" time="0"/>
  <testcase name="testReallyLongValuesSerialization" classname="com.google.gson.functional.PrimitiveTest" time="0"/>
  <testcase name="testDeserializeJsonObjectAsBytePrimitive" classname="com.google.gson.functional.PrimitiveTest" time="0"/>
  <testcase name="testPrimitiveDoubleAutoboxedSerialization" classname="com.google.gson.functional.PrimitiveTest" time="0"/>
  <testcase name="testDeserializeJsonObjectAsBigDecimal" classname="com.google.gson.functional.PrimitiveTest" time="0"/>
  <testcase name="testNegativeInfinitySerialization" classname="com.google.gson.functional.PrimitiveTest" time="0"/>
  <testcase name="testFloatInfinitySerialization" classname="com.google.gson.functional.PrimitiveTest" time="0"/>
  <testcase name="testFloatNaNDeserialization" classname="com.google.gson.functional.PrimitiveTest" time="0"/>
  <testcase name="testDoubleNaNDeserialization" classname="com.google.gson.functional.PrimitiveTest" time="0"/>
  <testcase name="testBigIntegerInASingleElementArraySerialization" classname="com.google.gson.functional.PrimitiveTest" time="0"/>
  <testcase name="testPrimitiveDoubleAutoboxedDeserialization" classname="com.google.gson.functional.PrimitiveTest" time="0"/>
  <testcase name="testStringsAsBooleans" classname="com.google.gson.functional.PrimitiveTest" time="0.007"/>
  <testcase name="testBigIntegerSerialization" classname="com.google.gson.functional.PrimitiveTest" time="0"/>
  <testcase name="testDeserializingDecimalPointValueZeroSucceeds" classname="com.google.gson.functional.PrimitiveTest" time="0"/>
  <testcase name="testLongAsStringSerialization" classname="com.google.gson.functional.PrimitiveTest" time="0"/>
  <testcase name="testDoubleArrayDeserialization" classname="com.google.gson.functional.PrimitiveTest" time="0"/>
  <testcase name="testDeserializeJsonObjectAsBigInteger" classname="com.google.gson.functional.PrimitiveTest" time="0"/>
  <testcase name="testDeserializePrimitiveWrapperAsObjectField" classname="com.google.gson.functional.PrimitiveTest" time="0.006"/>
  <testcase name="testPrimitiveClassLiteral" classname="com.google.gson.functional.PrimitiveTest" time="0"/>
  <testcase name="testBigDecimalSerialization" classname="com.google.gson.functional.PrimitiveTest" time="0"/>
  <testcase name="testByteSerialization" classname="com.google.gson.functional.PrimitiveTest" time="0"/>
  <testcase name="testNegativeInfinityFloatSerialization" classname="com.google.gson.functional.PrimitiveTest" time="0.001"/>
  <testcase name="testPrimitiveIntegerAutoboxedSerialization" classname="com.google.gson.functional.PrimitiveTest" time="0"/>
  <testcase name="testShortSerialization" classname="com.google.gson.functional.PrimitiveTest" time="0"/>
  <testcase name="testPrimitiveIntegerAutoboxedInASingleElementArraySerialization" classname="com.google.gson.functional.PrimitiveTest" time="0"/>
  <testcase name="testFloatInfinitySerializationNotSupportedByDefault" classname="com.google.gson.functional.PrimitiveTest" time="0"/>
  <testcase name="testDoubleInfinityDeserialization" classname="com.google.gson.functional.PrimitiveTest" time="0"/>
  <testcase name="testLazilyParsedNumberSerialization" classname="com.google.gson.functional.PrimitiveTest" time="0"/>
  <testcase name="testBigDecimalPreservePrecisionDeserialization" classname="com.google.gson.functional.PrimitiveTest" time="0"/>
  <testcase name="testDeserializeJsonArrayAsNumber" classname="com.google.gson.functional.PrimitiveTest" time="0"/>
  <testcase name="testDoubleNaNSerialization" classname="com.google.gson.functional.PrimitiveTest" time="0"/>
  <testcase name="testBooleanDeserialization" classname="com.google.gson.functional.PrimitiveTest" time="0"/>
  <testcase name="testPrimitiveLongAutoboxedInASingleElementArraySerialization" classname="com.google.gson.functional.PrimitiveTest" time="0"/>
  <testcase name="testDeserializingNonZeroDecimalPointValuesAsIntegerFails" classname="com.google.gson.functional.PrimitiveTest" time="0"/>
  <testcase name="testFloatInfinityDeserialization" classname="com.google.gson.functional.PrimitiveTest" time="0"/>
  <testcase name="testDeserializeJsonObjectAsNumber" classname="com.google.gson.functional.PrimitiveTest" time="0"/>
  <testcase name="testDoubleInfinitySerialization" classname="com.google.gson.functional.PrimitiveTest" time="0"/>
  <testcase name="testPrimitiveDoubleAutoboxedInASingleElementArraySerialization" classname="com.google.gson.functional.PrimitiveTest" time="0"/>
  <testcase name="testDeserializeJsonObjectAsShortPrimitive" classname="com.google.gson.functional.PrimitiveTest" time="0"/>
  <testcase name="testPrimitiveLongAutoboxedSerialization" classname="com.google.gson.functional.PrimitiveTest" time="0"/>
  <testcase name="testDoubleAsStringRepresentationDeserialization" classname="com.google.gson.functional.PrimitiveTest" time="0"/>
  <testcase name="testDeserializeJsonObjectAsLongPrimitive" classname="com.google.gson.functional.PrimitiveTest" time="0"/>
</testsuite>